[20:57:33] [ServerMain/INFO]: [bootstrap] Running Java 21 (OpenJDK 64-Bit Server VM 21.0.9+10-LTS; Amazon.com Inc. Corretto-21.0.9.10.1) on Windows 11 10.0 (amd64)
[20:57:33] [ServerMain/INFO]: [bootstrap] Loading Paper 1.21.11-132-ver/1.21.11@c5eb079 (2026-05-11T11:43:09Z) for Minecraft 1.21.11
[20:57:33] [ServerMain/INFO]: [PluginInitializerManager] Initializing plugins...
[20:57:34] [ServerMain/INFO]: [PluginInitializerManager] Initialized 1 plugin
[20:57:34] [ServerMain/INFO]: [PluginInitializerManager] Bukkit plugins (1):
 - BetterStresstestbots (1.0.0)
[20:57:38] [ServerMain/INFO]: Environment: Environment[sessionHost=https://sessionserver.mojang.com, servicesHost=https://api.minecraftservices.com, profilesHost=https://api.mojang.com, name=PROD]
[20:57:40] [ServerMain/INFO]: Loaded 1470 recipes
[20:57:40] [ServerMain/INFO]: Loaded 1584 advancements
[20:57:40] [ServerMain/INFO]: [ca.spottedleaf.dataconverter.minecraft.datatypes.MCTypeRegistry] Initialising converters for DataConverter...
[20:57:40] [ServerMain/INFO]: [ca.spottedleaf.dataconverter.minecraft.datatypes.MCTypeRegistry] Finished initialising converters for DataConverter in 335,3ms
[20:57:40] [Server thread/INFO]: Starting minecraft server version 1.21.11
[20:57:40] [Server thread/INFO]: Loading properties
[20:57:40] [Server thread/INFO]: This server is running Paper version 1.21.11-132-ver/1.21.11@c5eb079 (2026-05-11T11:43:09Z) (Implementing API version 1.21.11-R0.1-SNAPSHOT)
[20:57:40] [Server thread/INFO]: [spark] This server bundles the spark profiler. For more information please visit https://docs.papermc.io/paper/profiling
[20:57:40] [Server thread/INFO]: Server Ping Player Sample Count: 12
[20:57:40] [Server thread/INFO]: Using 4 threads for Netty based IO
[20:57:41] [Server thread/INFO]: [MoonriseCommon] Paper is using 4 worker threads, 1 I/O threads
[20:57:41] [Server thread/INFO]: Default game type: SURVIVAL
[20:57:41] [Server thread/INFO]: Generating keypair
[20:57:41] [Server thread/INFO]: Starting Minecraft server on *:25565
[20:57:41] [Server thread/INFO]: Paper: Using Java compression from Velocity.
[20:57:41] [Server thread/INFO]: Paper: Using Java cipher from Velocity.
[20:57:41] [Server thread/INFO]: [BetterStresstestbots] Loading server plugin BetterStresstestbots v1.0.0
[20:57:41] [Server thread/INFO]: Server permissions file permissions.yml is empty, ignoring it
[20:57:41] [Server thread/INFO]: Preparing level "world"
[20:57:42] [Server thread/INFO]: Loading 0 persistent chunks for world 'minecraft:overworld'...
[20:57:42] [Server thread/INFO]: Preparing spawn area: 100%
[20:57:42] [Server thread/INFO]: Prepared spawn area in 3 ms
[20:57:42] [Server thread/INFO]: Loading 0 persistent chunks for world 'minecraft:the_nether'...
[20:57:42] [Server thread/INFO]: Prepared spawn area in 1 ms
[20:57:42] [Server thread/INFO]: Loading 0 persistent chunks for world 'minecraft:the_end'...
[20:57:42] [Server thread/INFO]: Prepared spawn area in 2 ms
[20:57:42] [Server thread/INFO]: Done preparing level "world" (0.570s)
[20:57:42] [Server thread/INFO]: [BetterStresstestbots] Enabling BetterStresstestbots v1.0.0
[20:57:42] [Server thread/INFO]: [BetterStresstestbots] BetterStresstestbots enabled!
[20:57:42] [Server thread/INFO]: [spark] Starting background profiler...
[20:57:42] [Server thread/INFO]: [spark] The async-profiler engine is not supported for your os/arch (windows11/amd64), so the built-in Java engine will be used instead.
[20:57:42] [Server thread/INFO]: Running delayed init tasks
[20:57:42] [Server thread/INFO]: Done (10.360s)! For help, type "help"
[20:57:43] [Paper Async Task Handler Thread - 1/WARN]: *************************************************************************************
[20:57:43] [Paper Async Task Handler Thread - 1/WARN]: You are running the latest build for your Minecraft version (1.21.11)
[20:57:43] [Paper Async Task Handler Thread - 1/WARN]: However, you are 2 release(s) behind the latest stable release (26.1.2)!
[20:57:43] [Paper Async Task Handler Thread - 1/WARN]: It is recommended that you update as soon as possible
[20:57:43] [Paper Async Task Handler Thread - 1/WARN]: https://papermc.io/downloads/paper
[20:57:43] [Paper Async Task Handler Thread - 1/WARN]: *************************************************************************************
[20:57:50] [User Authenticator #0/INFO]: UUID of player Mizkul is db9151a6-ac49-45ed-a630-dabe5a6d19ce
[20:57:51] [Server thread/WARN]: [ca.spottedleaf.moonrise.patches.chunk_system.level.entity.EntityLookup] Entity uuid already exists: 4f40c112-9df5-469e-bf42-7a17e58f471e, mapped to Zombie['Zombie'/51, uuid='4f40c112-9df5-469e-bf42-7a17e58f471e', l='ServerLevel[world]', x=14.46, y=-15.00, z=703.25, cpos=[0, 43], tl=0, v=false], can't add Zombie['Zombie'/53, uuid='4f40c112-9df5-469e-bf42-7a17e58f471e', l='ServerLevel[world]', x=14.48, y=-15.00, z=704.29, cpos=[0, 44], tl=0, v=false]
[20:57:51] [Server thread/INFO]: Mizkul joined the game
[20:57:51] [Server thread/INFO]: Mizkul[/127.0.0.1:54686] logged in with entity id 62 at ([world]-35.600319299759924, 86.24918707874468, 679.0763232757289)
[20:58:12] [Server thread/INFO]: Mizkul issued server command: /stress count 33
[20:58:27] [Server thread/INFO]: Mizkul issued server command: /stress mode fly
[20:58:38] [Server thread/INFO]: Mizkul issued server command: /stress start
[20:58:38] [Server thread/INFO]: [BetterStresstestbots] Spawning 33 bots | speed=0.1 | radius=500.0 | mode=fly
[20:58:38] [Server thread/INFO]: StressBot_0 joined the game
[20:58:38] [Server thread/INFO]: StressBot_0[embedded] logged in with entity id 271 at ([world]0.0, 0.0, 0.0)
[20:58:38] [Server thread/INFO]: StressBot_1 joined the game
[20:58:38] [Server thread/INFO]: StressBot_1[embedded] logged in with entity id 272 at ([world]0.0, 0.0, 0.0)
[20:58:38] [Server thread/INFO]: StressBot_2 joined the game
[20:58:38] [Server thread/INFO]: StressBot_2[embedded] logged in with entity id 275 at ([world]0.0, 0.0, 0.0)
[20:58:38] [Server thread/INFO]: StressBot_3 joined the game
[20:58:38] [Server thread/INFO]: StressBot_3[embedded] logged in with entity id 277 at ([world]0.0, 0.0, 0.0)
[20:58:38] [Server thread/INFO]: StressBot_4 joined the game
[20:58:38] [Server thread/INFO]: StressBot_4[embedded] logged in with entity id 278 at ([world]0.0, 0.0, 0.0)
[20:58:38] [Server thread/INFO]: StressBot_5 joined the game
[20:58:38] [Server thread/INFO]: StressBot_5[embedded] logged in with entity id 279 at ([world]0.0, 0.0, 0.0)
[20:58:38] [Server thread/INFO]: StressBot_6 joined the game
[20:58:38] [Server thread/INFO]: StressBot_6[embedded] logged in with entity id 280 at ([world]0.0, 0.0, 0.0)
[20:58:38] [Server thread/INFO]: StressBot_7 joined the game
[20:58:38] [Server thread/INFO]: StressBot_7[embedded] logged in with entity id 281 at ([world]0.0, 0.0, 0.0)
[20:58:38] [Server thread/INFO]: StressBot_8 joined the game
[20:58:38] [Server thread/INFO]: StressBot_8[embedded] logged in with entity id 283 at ([world]0.0, 0.0, 0.0)
[20:58:39] [Server thread/INFO]: StressBot_9 joined the game
[20:58:39] [Server thread/INFO]: StressBot_9[embedded] logged in with entity id 284 at ([world]0.0, 0.0, 0.0)
[20:58:39] [Server thread/INFO]: StressBot_10 joined the game
[20:58:39] [Server thread/INFO]: StressBot_10[embedded] logged in with entity id 285 at ([world]0.0, 0.0, 0.0)
[20:58:39] [Server thread/INFO]: StressBot_11 joined the game
[20:58:39] [Server thread/INFO]: StressBot_11[embedded] logged in with entity id 289 at ([world]0.0, 0.0, 0.0)
[20:58:39] [Server thread/INFO]: StressBot_12 joined the game
[20:58:39] [Server thread/INFO]: StressBot_12[embedded] logged in with entity id 290 at ([world]0.0, 0.0, 0.0)
[20:58:39] [Server thread/INFO]: StressBot_13 joined the game
[20:58:39] [Server thread/INFO]: StressBot_13[embedded] logged in with entity id 293 at ([world]0.0, 0.0, 0.0)
[20:58:39] [Server thread/INFO]: StressBot_14 joined the game
[20:58:39] [Server thread/INFO]: StressBot_14[embedded] logged in with entity id 294 at ([world]0.0, 0.0, 0.0)
[20:58:39] [Server thread/INFO]: StressBot_15 joined the game
[20:58:39] [Server thread/INFO]: StressBot_15[embedded] logged in with entity id 296 at ([world]0.0, 0.0, 0.0)
[20:58:39] [Server thread/INFO]: StressBot_16 joined the game
[20:58:39] [Server thread/INFO]: StressBot_16[embedded] logged in with entity id 303 at ([world]0.0, 0.0, 0.0)
[20:58:39] [Server thread/INFO]: StressBot_17 joined the game
[20:58:39] [Server thread/INFO]: StressBot_17[embedded] logged in with entity id 305 at ([world]0.0, 0.0, 0.0)
[20:58:39] [Server thread/INFO]: StressBot_18 joined the game
[20:58:39] [Server thread/INFO]: StressBot_18[embedded] logged in with entity id 309 at ([world]0.0, 0.0, 0.0)
[20:58:40] [Server thread/INFO]: StressBot_19 joined the game
[20:58:40] [Server thread/INFO]: StressBot_19[embedded] logged in with entity id 310 at ([world]0.0, 0.0, 0.0)
[20:58:40] [Server thread/INFO]: StressBot_20 joined the game
[20:58:40] [Server thread/INFO]: StressBot_20[embedded] logged in with entity id 312 at ([world]0.0, 0.0, 0.0)
[20:58:40] [Server thread/INFO]: StressBot_21 joined the game
[20:58:40] [Server thread/INFO]: StressBot_21[embedded] logged in with entity id 314 at ([world]0.0, 0.0, 0.0)
[20:58:40] [Server thread/INFO]: StressBot_22 joined the game
[20:58:40] [Server thread/INFO]: StressBot_22[embedded] logged in with entity id 316 at ([world]0.0, 0.0, 0.0)
[20:58:40] [Server thread/INFO]: StressBot_23 joined the game
[20:58:40] [Server thread/INFO]: StressBot_23[embedded] logged in with entity id 317 at ([world]0.0, 0.0, 0.0)
[20:58:40] [Server thread/INFO]: StressBot_24 joined the game
[20:58:40] [Server thread/INFO]: StressBot_24[embedded] logged in with entity id 322 at ([world]0.0, 0.0, 0.0)
[20:58:40] [Server thread/INFO]: StressBot_25 joined the game
[20:58:40] [Server thread/INFO]: StressBot_25[embedded] logged in with entity id 324 at ([world]0.0, 0.0, 0.0)
[20:58:40] [Server thread/INFO]: StressBot_26 joined the game
[20:58:40] [Server thread/INFO]: StressBot_26[embedded] logged in with entity id 325 at ([world]0.0, 0.0, 0.0)
[20:58:40] [Server thread/INFO]: StressBot_27 joined the game
[20:58:40] [Server thread/INFO]: StressBot_27[embedded] logged in with entity id 326 at ([world]0.0, 0.0, 0.0)
[20:58:40] [Server thread/INFO]: StressBot_28 joined the game
[20:58:40] [Server thread/INFO]: StressBot_28[embedded] logged in with entity id 328 at ([world]0.0, 0.0, 0.0)
[20:58:41] [Server thread/INFO]: StressBot_29 joined the game
[20:58:41] [Server thread/INFO]: StressBot_29[embedded] logged in with entity id 329 at ([world]0.0, 0.0, 0.0)
[20:58:41] [Server thread/INFO]: StressBot_30 joined the game
[20:58:41] [Server thread/INFO]: StressBot_30[embedded] logged in with entity id 330 at ([world]0.0, 0.0, 0.0)
[20:58:41] [Server thread/INFO]: StressBot_31 joined the game
[20:58:41] [Server thread/INFO]: StressBot_31[embedded] logged in with entity id 332 at ([world]0.0, 0.0, 0.0)
[20:58:41] [Server thread/INFO]: StressBot_32 joined the game
[20:58:41] [Server thread/INFO]: StressBot_32[embedded] logged in with entity id 336 at ([world]0.0, 0.0, 0.0)
[20:58:41] [Server thread/INFO]: [BetterStresstestbots] All 33 bots spawned.
[20:58:48] [Server thread/INFO]: Mizkul issued server command: /stress speed 1
[20:59:00] [Server thread/INFO]: Mizkul issued server command: /stress status
[20:59:25] [Server thread/INFO]: Mizkul lost connection: Disconnected
[20:59:25] [Server thread/INFO]: Mizkul left the game
